Namespace(bs=128, centralized=True, class_per_device=2, dataset='mnist', decay_rate=0.995, device=device(type='cuda', index=0), epochs=200, frac=0.2, gpu=0, kernel_num=9, kernel_sizes='3,4,5', local_bs=10, local_ep=5, lr=0.01, manual_seed=42, max_data_per_device=0, max_pool='True', model='softmax', momentum=0, noniid=1, noniidness=20, norm='batch_norm', num_channels=1, num_classes=10, num_filters=32, num_users=100, per_epoch=1.0, seed=1, split='user', stopping_rounds=10, unbalance=2.0, verbose=False)
use random seed: 42
args.noniid= 1 args.class_per_device= 2 args.unbalance= 2.0
/home/zju/anaconda3/lib/python3.7/site-packages/torchvision/datasets/mnist.py:43: UserWarning: train_labels has been renamed targets
  warnings.warn("train_labels has been renamed targets")
[5923, 6742, 5958, 6131, 5842, 5421, 5918, 6265, 5851, 5949]
unbalancing
/home/zju/anaconda3/lib/python3.7/site-packages/torchvision/datasets/mnist.py:48: UserWarning: test_labels has been renamed targets
  warnings.warn("test_labels has been renamed targets")
[980, 1135, 1032, 1010, 982, 892, 958, 1028, 974, 1009]
unbalancing
train data partition
sum: 59901
mean: 599.01
std: 874.0787892976239
test data partition
sum: 9921
mean: 99.21
std: 144.76638387415775
federated learning...
SoftmaxClassifier(
  (layer_input): Linear(in_features=784, out_features=10, bias=True)
)
33 client:  [6 7]
77 client:  [4 5]
69 client:  [8 9]
13 client:  [6 7]
63 client:  [6 7]
87 client:  [4 5]
72 client:  [4 5]
18 client:  [6 7]
91 client:  [2 3]
48 client:  [6 7]
7 client:  [4 5]
38 client:  [6 7]
92 client:  [4 5]
75 client:  [0 1]
64 client:  [8 9]
58 client:  [6 7]
56 client:  [2 3]
78 client:  [6 7]
9 client:  [8 9]
60 client:  [0 1]
Round   0, Average loss 0.183
Round   0, Average global accuracy 26.00
Round   0, Average local accuracy 27.16
70 client:  [0 1]
18 client:  [6 7]
55 client:  [0 1]
79 client:  [8 9]
9 client:  [8 9]
61 client:  [2 3]
16 client:  [2 3]
97 client:  [4 5]
10 client:  [0 1]
19 client:  [8 9]
29 client:  [8 9]
38 client:  [6 7]
45 client:  [0 1]
3 client:  [6 7]
89 client:  [8 9]
56 client:  [2 3]
75 client:  [0 1]
0 client:  [0 1]
7 client:  [4 5]
85 client:  [0 1]
Round   1, Average loss 0.106
Round   1, Average global accuracy 51.00
Round   1, Average local accuracy 51.37
29 client:  [8 9]
23 client:  [6 7]
27 client:  [4 5]
84 client:  [8 9]
74 client:  [8 9]
2 client:  [4 5]
98 client:  [6 7]
16 client:  [2 3]
8 client:  [6 7]
82 client:  [4 5]
30 client:  [0 1]
3 client:  [6 7]
83 client:  [6 7]
80 client:  [0 1]
42 client:  [4 5]
17 client:  [4 5]
71 client:  [2 3]
75 client:  [0 1]
35 client:  [0 1]
45 client:  [0 1]
Round   2, Average loss 0.096
Round   2, Average global accuracy 56.00
Round   2, Average local accuracy 56.28
83 client:  [6 7]
21 client:  [2 3]
1 client:  [2 3]
69 client:  [8 9]
55 client:  [0 1]
12 client:  [4 5]
89 client:  [8 9]
32 client:  [4 5]
88 client:  [6 7]
26 client:  [2 3]
44 client:  [8 9]
43 client:  [6 7]
41 client:  [2 3]
65 client:  [0 1]
48 client:  [6 7]
93 client:  [6 7]
81 client:  [2 3]
75 client:  [0 1]
92 client:  [4 5]
28 client:  [6 7]
Round   3, Average loss 0.086
Round   3, Average global accuracy 65.00
Round   3, Average local accuracy 63.57
80 client:  [0 1]
34 client:  [8 9]
0 client:  [0 1]
93 client:  [6 7]
43 client:  [6 7]
46 client:  [2 3]
96 client:  [2 3]
86 client:  [2 3]
6 client:  [2 3]
23 client:  [6 7]
5 client:  [0 1]
88 client:  [6 7]
54 client:  [8 9]
92 client:  [4 5]
70 client:  [0 1]
41 client:  [2 3]
97 client:  [4 5]
49 client:  [8 9]
61 client:  [2 3]
84 client:  [8 9]
Round   4, Average loss 0.112
Round   4, Average global accuracy 71.00
Round   4, Average local accuracy 71.36
16 client:  [2 3]
4 client:  [8 9]
12 client:  [4 5]
69 client:  [8 9]
13 client:  [6 7]
33 client:  [6 7]
31 client:  [2 3]
97 client:  [4 5]
5 client:  [0 1]
10 client:  [0 1]
89 client:  [8 9]
3 client:  [6 7]
79 client:  [8 9]
1 client:  [2 3]
18 client:  [6 7]
32 client:  [4 5]
23 client:  [6 7]
48 client:  [6 7]
99 client:  [8 9]
9 client:  [8 9]
Round   5, Average loss 0.069
Round   5, Average global accuracy 74.00
Round   5, Average local accuracy 72.63
95 client:  [0 1]
37 client:  [4 5]
94 client:  [8 9]
17 client:  [4 5]
38 client:  [6 7]
52 client:  [4 5]
99 client:  [8 9]
86 client:  [2 3]
4 client:  [8 9]
81 client:  [2 3]
59 client:  [8 9]
92 client:  [4 5]
89 client:  [8 9]
26 client:  [2 3]
69 client:  [8 9]
63 client:  [6 7]
42 client:  [4 5]
93 client:  [6 7]
49 client:  [8 9]
40 client:  [0 1]
Round   6, Average loss 0.098
Round   6, Average global accuracy 66.00
Round   6, Average local accuracy 64.11
94 client:  [8 9]
93 client:  [6 7]
53 client:  [6 7]
95 client:  [0 1]
98 client:  [6 7]
24 client:  [8 9]
25 client:  [0 1]
74 client:  [8 9]
42 client:  [4 5]
39 client:  [8 9]
12 client:  [4 5]
33 client:  [6 7]
63 client:  [6 7]
1 client:  [2 3]
52 client:  [4 5]
23 client:  [6 7]
56 client:  [2 3]
40 client:  [0 1]
51 client:  [2 3]
57 client:  [4 5]
Round   7, Average loss 0.073
Round   7, Average global accuracy 77.00
Round   7, Average local accuracy 76.63
49 client:  [8 9]
45 client:  [0 1]
46 client:  [2 3]
18 client:  [6 7]
89 client:  [8 9]
61 client:  [2 3]
14 client:  [8 9]
67 client:  [4 5]
53 client:  [6 7]
39 client:  [8 9]
78 client:  [6 7]
85 client:  [0 1]
36 client:  [2 3]
40 client:  [0 1]
19 client:  [8 9]
0 client:  [0 1]
43 client:  [6 7]
74 client:  [8 9]
25 client:  [0 1]
35 client:  [0 1]
Round   8, Average loss 0.069
Round   8, Average global accuracy 73.00
Round   8, Average local accuracy 72.52
52 client:  [4 5]
65 client:  [0 1]
92 client:  [4 5]
10 client:  [0 1]
56 client:  [2 3]
95 client:  [0 1]
19 client:  [8 9]
1 client:  [2 3]
24 client:  [8 9]
51 client:  [2 3]
66 client:  [2 3]
20 client:  [0 1]
7 client:  [4 5]
50 client:  [0 1]
25 client:  [0 1]
81 client:  [2 3]
63 client:  [6 7]
33 client:  [6 7]
60 client:  [0 1]
15 client:  [0 1]
Round   9, Average loss 0.070
Round   9, Average global accuracy 75.00
Round   9, Average local accuracy 77.61
30 client:  [0 1]
48 client:  [6 7]
0 client:  [0 1]
31 client:  [2 3]
71 client:  [2 3]
8 client:  [6 7]
2 client:  [4 5]
60 client:  [0 1]
91 client:  [2 3]
77 client:  [4 5]
39 client:  [8 9]
74 client:  [8 9]
59 client:  [8 9]
79 client:  [8 9]
72 client:  [4 5]
22 client:  [4 5]
1 client:  [2 3]
36 client:  [2 3]
65 client:  [0 1]
12 client:  [4 5]
Round  10, Average loss 0.072
Round  10, Average global accuracy 76.00
Round  10, Average local accuracy 77.50
58 client:  [6 7]
2 client:  [4 5]
27 client:  [4 5]
96 client:  [2 3]
79 client:  [8 9]
84 client:  [8 9]
22 client:  [4 5]
90 client:  [0 1]
77 client:  [4 5]
41 client:  [2 3]
14 client:  [8 9]
47 client:  [4 5]
3 client:  [6 7]
35 client:  [0 1]
63 client:  [6 7]
51 client:  [2 3]
37 client:  [4 5]
11 client:  [2 3]
83 client:  [6 7]
28 client:  [6 7]
Round  11, Average loss 0.090
Round  11, Average global accuracy 80.00
Round  11, Average local accuracy 80.18
5 client:  [0 1]
98 client:  [6 7]
38 client:  [6 7]
82 client:  [4 5]
20 client:  [0 1]
84 client:  [8 9]
8 client:  [6 7]
63 client:  [6 7]
93 client:  [6 7]
37 client:  [4 5]
40 client:  [0 1]
15 client:  [0 1]
47 client:  [4 5]
70 client:  [0 1]
13 client:  [6 7]
35 client:  [0 1]
21 client:  [2 3]
10 client:  [0 1]
48 client:  [6 7]
73 client:  [6 7]
Round  12, Average loss 0.054
Round  12, Average global accuracy 74.00
Round  12, Average local accuracy 73.10
8 client:  [6 7]
81 client:  [2 3]
68 client:  [6 7]
86 client:  [2 3]
78 client:  [6 7]
37 client:  [4 5]
66 client:  [2 3]
54 client:  [8 9]
62 client:  [4 5]
33 client:  [6 7]
61 client:  [2 3]
13 client:  [6 7]
94 client:  [8 9]
5 client:  [0 1]
70 client:  [0 1]
95 client:  [0 1]
32 client:  [4 5]
39 client:  [8 9]
28 client:  [6 7]
30 client:  [0 1]
Round  13, Average loss 0.066
Round  13, Average global accuracy 77.00
Round  13, Average local accuracy 76.72
43 client:  [6 7]
66 client:  [2 3]
83 client:  [6 7]
33 client:  [6 7]
90 client:  [0 1]
59 client:  [8 9]
19 client:  [8 9]
86 client:  [2 3]
25 client:  [0 1]
22 client:  [4 5]
15 client:  [0 1]
44 client:  [8 9]
57 client:  [4 5]
62 client:  [4 5]
93 client:  [6 7]
42 client:  [4 5]
82 client:  [4 5]
50 client:  [0 1]
45 client:  [0 1]
60 client:  [0 1]
Round  14, Average loss 0.075
