Namespace(bs=128, centralized=True, class_per_device=2, dataset='mnist', decay_rate=0.995, device=device(type='cuda', index=0), epochs=200, frac=0.9, gpu=0, kernel_num=9, kernel_sizes='3,4,5', local_bs=10, local_ep=5, lr=0.01, manual_seed=42, max_data_per_device=0, max_pool='True', model='softmax', momentum=0, noniid=1, noniidness=20, norm='batch_norm', num_channels=1, num_classes=10, num_filters=32, num_users=100, per_epoch=1.0, seed=1, split='user', stopping_rounds=10, unbalance=0.0, verbose=False)
use random seed: 42
args.noniid= 1 args.class_per_device= 2 args.unbalance= 0.0
/home/zju/anaconda3/lib/python3.7/site-packages/torchvision/datasets/mnist.py:43: UserWarning: train_labels has been renamed targets
  warnings.warn("train_labels has been renamed targets")
/home/zju/anaconda3/lib/python3.7/site-packages/torchvision/datasets/mnist.py:48: UserWarning: test_labels has been renamed targets
  warnings.warn("test_labels has been renamed targets")
train data partition
sum: 60000
mean: 600.0
std: 23.105410621756974
test data partition
sum: 10000
mean: 100.0
std: 4.024922359499621
federated learning...
SoftmaxClassifier(
  (layer_input): Linear(in_features=784, out_features=10, bias=True)
)
83 client:  [6 7]
53 client:  [6 7]
70 client:  [0 1]
45 client:  [0 1]
44 client:  [8 9]
39 client:  [8 9]
22 client:  [4 5]
80 client:  [0 1]
10 client:  [0 1]
0 client:  [0 1]
18 client:  [6 7]
30 client:  [0 1]
73 client:  [6 7]
33 client:  [6 7]
90 client:  [0 1]
4 client:  [8 9]
76 client:  [2 3]
77 client:  [4 5]
12 client:  [4 5]
31 client:  [2 3]
55 client:  [0 1]
88 client:  [6 7]
26 client:  [2 3]
42 client:  [4 5]
69 client:  [8 9]
15 client:  [0 1]
40 client:  [0 1]
96 client:  [2 3]
9 client:  [8 9]
72 client:  [4 5]
11 client:  [2 3]
47 client:  [4 5]
85 client:  [0 1]
28 client:  [6 7]
93 client:  [6 7]
5 client:  [0 1]
66 client:  [2 3]
65 client:  [0 1]
35 client:  [0 1]
16 client:  [2 3]
49 client:  [8 9]
34 client:  [8 9]
7 client:  [4 5]
95 client:  [0 1]
27 client:  [4 5]
19 client:  [8 9]
81 client:  [2 3]
25 client:  [0 1]
62 client:  [4 5]
13 client:  [6 7]
24 client:  [8 9]
3 client:  [6 7]
17 client:  [4 5]
38 client:  [6 7]
8 client:  [6 7]
78 client:  [6 7]
6 client:  [2 3]
64 client:  [8 9]
36 client:  [2 3]
89 client:  [8 9]
56 client:  [2 3]
99 client:  [8 9]
54 client:  [8 9]
43 client:  [6 7]
50 client:  [0 1]
67 client:  [4 5]
46 client:  [2 3]
68 client:  [6 7]
61 client:  [2 3]
97 client:  [4 5]
79 client:  [8 9]
41 client:  [2 3]
58 client:  [6 7]
48 client:  [6 7]
98 client:  [6 7]
57 client:  [4 5]
75 client:  [0 1]
32 client:  [4 5]
94 client:  [8 9]
59 client:  [8 9]
63 client:  [6 7]
84 client:  [8 9]
37 client:  [4 5]
29 client:  [8 9]
1 client:  [2 3]
52 client:  [4 5]
21 client:  [2 3]
2 client:  [4 5]
23 client:  [6 7]
87 client:  [4 5]
Round   0, Average loss 0.082
Round   0, Average global accuracy 55.00
Round   0, Average local accuracy 54.76
79 client:  [8 9]
37 client:  [4 5]
65 client:  [0 1]
54 client:  [8 9]
15 client:  [0 1]
20 client:  [0 1]
99 client:  [8 9]
25 client:  [0 1]
56 client:  [2 3]
17 client:  [4 5]
59 client:  [8 9]
93 client:  [6 7]
87 client:  [4 5]
66 client:  [2 3]
55 client:  [0 1]
73 client:  [6 7]
39 client:  [8 9]
30 client:  [0 1]
16 client:  [2 3]
49 client:  [8 9]
60 client:  [0 1]
53 client:  [6 7]
83 client:  [6 7]
23 client:  [6 7]
88 client:  [6 7]
9 client:  [8 9]
18 client:  [6 7]
82 client:  [4 5]
74 client:  [8 9]
89 client:  [8 9]
58 client:  [6 7]
98 client:  [6 7]
48 client:  [6 7]
76 client:  [2 3]
57 client:  [4 5]
90 client:  [0 1]
75 client:  [0 1]
86 client:  [2 3]
63 client:  [6 7]
24 client:  [8 9]
78 client:  [6 7]
10 client:  [0 1]
29 client:  [8 9]
19 client:  [8 9]
45 client:  [0 1]
81 client:  [2 3]
85 client:  [0 1]
52 client:  [4 5]
5 client:  [0 1]
67 client:  [4 5]
69 client:  [8 9]
1 client:  [2 3]
92 client:  [4 5]
21 client:  [2 3]
68 client:  [6 7]
91 client:  [2 3]
31 client:  [2 3]
12 client:  [4 5]
35 client:  [0 1]
28 client:  [6 7]
42 client:  [4 5]
70 client:  [0 1]
44 client:  [8 9]
38 client:  [6 7]
84 client:  [8 9]
3 client:  [6 7]
51 client:  [2 3]
62 client:  [4 5]
50 client:  [0 1]
41 client:  [2 3]
14 client:  [8 9]
8 client:  [6 7]
26 client:  [2 3]
13 client:  [6 7]
94 client:  [8 9]
0 client:  [0 1]
2 client:  [4 5]
77 client:  [4 5]
46 client:  [2 3]
64 client:  [8 9]
96 client:  [2 3]
43 client:  [6 7]
36 client:  [2 3]
61 client:  [2 3]
22 client:  [4 5]
47 client:  [4 5]
95 client:  [0 1]
33 client:  [6 7]
11 client:  [2 3]
71 client:  [2 3]
Round   1, Average loss 0.072
Round   1, Average global accuracy 69.00
Round   1, Average local accuracy 68.45
48 client:  [6 7]
28 client:  [6 7]
85 client:  [0 1]
83 client:  [6 7]
14 client:  [8 9]
9 client:  [8 9]
42 client:  [4 5]
21 client:  [2 3]
75 client:  [0 1]
93 client:  [6 7]
44 client:  [8 9]
26 client:  [2 3]
60 client:  [0 1]
12 client:  [4 5]
20 client:  [0 1]
46 client:  [2 3]
45 client:  [0 1]
40 client:  [0 1]
13 client:  [6 7]
61 client:  [2 3]
53 client:  [6 7]
50 client:  [0 1]
71 client:  [2 3]
94 client:  [8 9]
57 client:  [4 5]
5 client:  [0 1]
3 client:  [6 7]
7 client:  [4 5]
84 client:  [8 9]
77 client:  [4 5]
62 client:  [4 5]
33 client:  [6 7]
65 client:  [0 1]
82 client:  [4 5]
88 client:  [6 7]
86 client:  [2 3]
47 client:  [4 5]
81 client:  [2 3]
87 client:  [4 5]
8 client:  [6 7]
92 client:  [4 5]
36 client:  [2 3]
4 client:  [8 9]
11 client:  [2 3]
59 client:  [8 9]
99 client:  [8 9]
25 client:  [0 1]
78 client:  [6 7]
6 client:  [2 3]
34 client:  [8 9]
41 client:  [2 3]
29 client:  [8 9]
30 client:  [0 1]
22 client:  [4 5]
49 client:  [8 9]
24 client:  [8 9]
56 client:  [2 3]
27 client:  [4 5]
79 client:  [8 9]
97 client:  [4 5]
64 client:  [8 9]
17 client:  [4 5]
38 client:  [6 7]
63 client:  [6 7]
39 client:  [8 9]
32 client:  [4 5]
51 client:  [2 3]
73 client:  [6 7]
70 client:  [0 1]
66 client:  [2 3]
98 client:  [6 7]
35 client:  [0 1]
76 client:  [2 3]
19 client:  [8 9]
2 client:  [4 5]
80 client:  [0 1]
58 client:  [6 7]
72 client:  [4 5]
15 client:  [0 1]
10 client:  [0 1]
90 client:  [0 1]
68 client:  [6 7]
23 client:  [6 7]
37 client:  [4 5]
16 client:  [2 3]
55 client:  [0 1]
74 client:  [8 9]
54 client:  [8 9]
67 client:  [4 5]
91 client:  [2 3]
Round   2, Average loss 0.068
Round   2, Average global accuracy 75.00
Round   2, Average local accuracy 74.94
98 client:  [6 7]
4 client:  [8 9]
33 client:  [6 7]
61 client:  [2 3]
93 client:  [6 7]
84 client:  [8 9]
51 client:  [2 3]
94 client:  [8 9]
10 client:  [0 1]
88 client:  [6 7]
9 client:  [8 9]
54 client:  [8 9]
56 client:  [2 3]
72 client:  [4 5]
74 client:  [8 9]
42 client:  [4 5]
44 client:  [8 9]
14 client:  [8 9]
81 client:  [2 3]
11 client:  [2 3]
77 client:  [4 5]
15 client:  [0 1]
13 client:  [6 7]
91 client:  [2 3]
0 client:  [0 1]
19 client:  [8 9]
40 client:  [0 1]
80 client:  [0 1]
35 client:  [0 1]
6 client:  [2 3]
71 client:  [2 3]
86 client:  [2 3]
12 client:  [4 5]
57 client:  [4 5]
83 client:  [6 7]
79 client:  [8 9]
99 client:  [8 9]
28 client:  [6 7]
38 client:  [6 7]
8 client:  [6 7]
64 client:  [8 9]
55 client:  [0 1]
76 client:  [2 3]
25 client:  [0 1]
82 client:  [4 5]
67 client:  [4 5]
89 client:  [8 9]
1 client:  [2 3]
22 client:  [4 5]
96 client:  [2 3]
46 client:  [2 3]
65 client:  [0 1]
49 client:  [8 9]
70 client:  [0 1]
69 client:  [8 9]
39 client:  [8 9]
66 client:  [2 3]
92 client:  [4 5]
30 client:  [0 1]
41 client:  [2 3]
24 client:  [8 9]
17 client:  [4 5]
2 client:  [4 5]
78 client:  [6 7]
32 client:  [4 5]
31 client:  [2 3]
62 client:  [4 5]
59 client:  [8 9]
52 client:  [4 5]
73 client:  [6 7]
23 client:  [6 7]
36 client:  [2 3]
5 client:  [0 1]
45 client:  [0 1]
87 client:  [4 5]
43 client:  [6 7]
16 client:  [2 3]
48 client:  [6 7]
97 client:  [4 5]
34 client:  [8 9]
3 client:  [6 7]
18 client:  [6 7]
47 client:  [4 5]
60 client:  [0 1]
68 client:  [6 7]
63 client:  [6 7]
27 client:  [4 5]
95 client:  [0 1]
20 client:  [0 1]
90 client:  [0 1]
Round   3, Average loss 0.063
Round   3, Average global accuracy 78.00
Round   3, Average local accuracy 78.19
94 client:  [8 9]
40 client:  [0 1]
6 client:  [2 3]
26 client:  [2 3]
77 client:  [4 5]
68 client:  [6 7]
99 client:  [8 9]
74 client:  [8 9]
24 client:  [8 9]
58 client:  [6 7]
10 client:  [0 1]
89 client:  [8 9]
97 client:  [4 5]
14 client:  [8 9]
34 client:  [8 9]
42 client:  [4 5]
2 client:  [4 5]
17 client:  [4 5]
49 client:  [8 9]
19 client:  [8 9]
84 client:  [8 9]
1 client:  [2 3]
90 client:  [0 1]
31 client:  [2 3]
41 client:  [2 3]
53 client:  [6 7]
3 client:  [6 7]
87 client:  [4 5]
37 client:  [4 5]
23 client:  [6 7]
70 client:  [0 1]
80 client:  [0 1]
82 client:  [4 5]
44 client:  [8 9]
30 client:  [0 1]
72 client:  [4 5]
43 client:  [6 7]
66 client:  [2 3]
9 client:  [8 9]
78 client:  [6 7]
79 client:  [8 9]
98 client:  [6 7]
32 client:  [4 5]
35 client:  [0 1]
38 client:  [6 7]
20 client:  [0 1]
71 client:  [2 3]
64 client:  [8 9]
95 client:  [0 1]
76 client:  [2 3]
55 client:  [0 1]
45 client:  [0 1]
86 client:  [2 3]
48 client:  [6 7]
92 client:  [4 5]
96 client:  [2 3]
27 client:  [4 5]
13 client:  [6 7]
28 client:  [6 7]
56 client:  [2 3]
65 client:  [0 1]
36 client:  [2 3]
50 client:  [0 1]
69 client:  [8 9]
25 client:  [0 1]
21 client:  [2 3]
83 client:  [6 7]
63 client:  [6 7]
60 client:  [0 1]
88 client:  [6 7]
73 client:  [6 7]
47 client:  [4 5]
33 client:  [6 7]
75 client:  [0 1]
81 client:  [2 3]
0 client:  [0 1]
11 client:  [2 3]
8 client:  [6 7]
22 client:  [4 5]
61 client:  [2 3]
91 client:  [2 3]
57 client:  [4 5]
85 client:  [0 1]
62 client:  [4 5]
16 client:  [2 3]
18 client:  [6 7]
29 client:  [8 9]
12 client:  [4 5]
15 client:  [0 1]
51 client:  [2 3]
Round   4, Average loss 0.059
Round   4, Average global accuracy 79.00
Round   4, Average local accuracy 78.99
58 client:  [6 7]
44 client:  [8 9]
0 client:  [0 1]
3 client:  [6 7]
31 client:  [2 3]
62 client:  [4 5]
37 client:  [4 5]
26 client:  [2 3]
32 client:  [4 5]
38 client:  [6 7]
90 client:  [0 1]
60 client:  [0 1]
96 client:  [2 3]
92 client:  [4 5]
88 client:  [6 7]
91 client:  [2 3]
85 client:  [0 1]
41 client:  [2 3]
55 client:  [0 1]
5 client:  [0 1]
64 client:  [8 9]
39 client:  [8 9]
79 client:  [8 9]
49 client:  [8 9]
52 client:  [4 5]
14 client:  [8 9]
17 client:  [4 5]
65 client:  [0 1]
10 client:  [0 1]
83 client:  [6 7]
70 client:  [0 1]
2 client:  [4 5]
42 client:  [4 5]
97 client:  [4 5]
46 client:  [2 3]
43 client:  [6 7]
66 client:  [2 3]
68 client:  [6 7]
81 client:  [2 3]
59 client:  [8 9]
50 client:  [0 1]
95 client:  [0 1]
4 client:  [8 9]
15 client:  [0 1]
51 client:  [2 3]
30 client:  [0 1]
13 client:  [6 7]
27 client:  [4 5]
87 client:  [4 5]
8 client:  [6 7]
53 client:  [6 7]
56 client:  [2 3]
40 client:  [0 1]
69 client:  [8 9]
84 client:  [8 9]
76 client:  [2 3]
18 client:  [6 7]
98 client:  [6 7]
21 client:  [2 3]
24 client:  [8 9]
47 client:  [4 5]
19 client:  [8 9]
71 client:  [2 3]
75 client:  [0 1]
16 client:  [2 3]
29 client:  [8 9]
78 client:  [6 7]
12 client:  [4 5]
54 client:  [8 9]
99 client:  [8 9]
36 client:  [2 3]
61 client:  [2 3]
22 client:  [4 5]
77 client:  [4 5]
93 client:  [6 7]
48 client:  [6 7]
63 client:  [6 7]
23 client:  [6 7]
72 client:  [4 5]
9 client:  [8 9]
82 client:  [4 5]
20 client:  [0 1]
35 client:  [0 1]
28 client:  [6 7]
74 client:  [8 9]
57 client:  [4 5]
67 client:  [4 5]
6 client:  [2 3]
33 client:  [6 7]
73 client:  [6 7]
Round   5, Average loss 0.058
Round   5, Average global accuracy 79.00
Round   5, Average local accuracy 79.36
78 client:  [6 7]
68 client:  [6 7]
51 client:  [2 3]
72 client:  [4 5]
83 client:  [6 7]
39 client:  [8 9]
92 client:  [4 5]
6 client:  [2 3]
47 client:  [4 5]
48 client:  [6 7]
1 client:  [2 3]
67 client:  [4 5]
42 client:  [4 5]
45 client:  [0 1]
50 client:  [0 1]
33 client:  [6 7]
81 client:  [2 3]
65 client:  [0 1]
21 client:  [2 3]
98 client:  [6 7]
26 client:  [2 3]
8 client:  [6 7]
4 client:  [8 9]
49 client:  [8 9]
29 client:  [8 9]
28 client:  [6 7]
94 client:  [8 9]
54 client:  [8 9]
25 client:  [0 1]
52 client:  [4 5]
56 client:  [2 3]
27 client:  [4 5]
23 client:  [6 7]
76 client:  [2 3]
7 client:  [4 5]
41 client:  [2 3]
63 client:  [6 7]
9 client:  [8 9]
11 client:  [2 3]
97 client:  [4 5]
22 client:  [4 5]
58 client:  [6 7]
74 client:  [8 9]
75 client:  [0 1]
91 client:  [2 3]
14 client:  [8 9]
13 client:  [6 7]
40 client:  [0 1]
86 client:  [2 3]
17 client:  [4 5]
79 client:  [8 9]
99 client:  [8 9]
34 client:  [8 9]
93 client:  [6 7]
36 client:  [2 3]
10 client:  [0 1]
59 client:  [8 9]
96 client:  [2 3]
15 client:  [0 1]
20 client:  [0 1]
46 client:  [2 3]
77 client:  [4 5]
64 client:  [8 9]
31 client:  [2 3]
82 client:  [4 5]
43 client:  [6 7]
80 client:  [0 1]
5 client:  [0 1]
37 client:  [4 5]
32 client:  [4 5]
55 client:  [0 1]
24 client:  [8 9]
62 client:  [4 5]
61 client:  [2 3]
2 client:  [4 5]
0 client:  [0 1]
84 client:  [8 9]
89 client:  [8 9]
71 client:  [2 3]
19 client:  [8 9]
57 client:  [4 5]
12 client:  [4 5]
95 client:  [0 1]
66 client:  [2 3]
87 client:  [4 5]
90 client:  [0 1]
73 client:  [6 7]
38 client:  [6 7]
53 client:  [6 7]
60 client:  [0 1]
Round   6, Average loss 0.059
Round   6, Average global accuracy 80.00
Round   6, Average local accuracy 80.58
80 client:  [0 1]
59 client:  [8 9]
6 client:  [2 3]
12 client:  [4 5]
40 client:  [0 1]
8 client:  [6 7]
65 client:  [0 1]
35 client:  [0 1]
41 client:  [2 3]
15 client:  [0 1]
34 client:  [8 9]
51 client:  [2 3]
90 client:  [0 1]
28 client:  [6 7]
87 client:  [4 5]
60 client:  [0 1]
21 client:  [2 3]
67 client:  [4 5]
89 client:  [8 9]
45 client:  [0 1]
66 client:  [2 3]
9 client:  [8 9]
78 client:  [6 7]
83 client:  [6 7]
23 client:  [6 7]
69 client:  [8 9]
79 client:  [8 9]
24 client:  [8 9]
19 client:  [8 9]
39 client:  [8 9]
18 client:  [6 7]
86 client:  [2 3]
73 client:  [6 7]
46 client:  [2 3]
96 client:  [2 3]
42 client:  [4 5]
56 client:  [2 3]
37 client:  [4 5]
93 client:  [6 7]
1 client:  [2 3]
13 client:  [6 7]
81 client:  [2 3]
72 client:  [4 5]
14 client:  [8 9]
74 client:  [8 9]
71 client:  [2 3]
47 client:  [4 5]
29 client:  [8 9]
77 client:  [4 5]
43 client:  [6 7]
70 client:  [0 1]
11 client:  [2 3]
49 client:  [8 9]
92 client:  [4 5]
55 client:  [0 1]
53 client:  [6 7]
63 client:  [6 7]
57 client:  [4 5]
91 client:  [2 3]
38 client:  [6 7]
7 client:  [4 5]
30 client:  [0 1]
27 client:  [4 5]
33 client:  [6 7]
31 client:  [2 3]
97 client:  [4 5]
61 client:  [2 3]
3 client:  [6 7]
44 client:  [8 9]
50 client:  [0 1]
82 client:  [4 5]
16 client:  [2 3]
36 client:  [2 3]
75 client:  [0 1]
22 client:  [4 5]
52 client:  [4 5]
2 client:  [4 5]
99 client:  [8 9]
68 client:  [6 7]
5 client:  [0 1]
54 client:  [8 9]
20 client:  [0 1]
0 client:  [0 1]
98 client:  [6 7]
76 client:  [2 3]
94 client:  [8 9]
26 client:  [2 3]
58 client:  [6 7]
85 client:  [0 1]
88 client:  [6 7]
Round   7, Average loss 0.056
Round   7, Average global accuracy 81.00
Round   7, Average local accuracy 81.75
92 client:  [4 5]
64 client:  [8 9]
85 client:  [0 1]
36 client:  [2 3]
96 client:  [2 3]
10 client:  [0 1]
82 client:  [4 5]
73 client:  [6 7]
19 client:  [8 9]
30 client:  [0 1]
28 client:  [6 7]
38 client:  [6 7]
32 client:  [4 5]
63 client:  [6 7]
59 client:  [8 9]
39 client:  [8 9]
89 client:  [8 9]
12 client:  [4 5]
68 client:  [6 7]
72 client:  [4 5]
83 client:  [6 7]
52 client:  [4 5]
80 client:  [0 1]
9 client:  [8 9]
70 client:  [0 1]
67 client:  [4 5]
87 client:  [4 5]
57 client:  [4 5]
95 client:  [0 1]
53 client:  [6 7]
5 client:  [0 1]
37 client:  [4 5]
17 client:  [4 5]
76 client:  [2 3]
2 client:  [4 5]
6 client:  [2 3]
40 client:  [0 1]
43 client:  [6 7]
1 client:  [2 3]
23 client:  [6 7]
65 client:  [0 1]
97 client:  [4 5]
27 client:  [4 5]
51 client:  [2 3]
13 client:  [6 7]
58 client:  [6 7]
14 client:  [8 9]
34 client:  [8 9]
91 client:  [2 3]
71 client:  [2 3]
35 client:  [0 1]
62 client:  [4 5]
16 client:  [2 3]
47 client:  [4 5]
99 client:  [8 9]
29 client:  [8 9]
88 client:  [6 7]
75 client:  [0 1]
93 client:  [6 7]
61 client:  [2 3]
46 client:  [2 3]
56 client:  [2 3]
25 client:  [0 1]
8 client:  [6 7]
84 client:  [8 9]
44 client:  [8 9]
48 client:  [6 7]
33 client:  [6 7]
45 client:  [0 1]
11 client:  [2 3]
77 client:  [4 5]
0 client:  [0 1]
69 client:  [8 9]
78 client:  [6 7]
21 client:  [2 3]
81 client:  [2 3]
41 client:  [2 3]
4 client:  [8 9]
20 client:  [0 1]
18 client:  [6 7]
50 client:  [0 1]
60 client:  [0 1]
49 client:  [8 9]
31 client:  [2 3]
26 client:  [2 3]
86 client:  [2 3]
66 client:  [2 3]
24 client:  [8 9]
55 client:  [0 1]
90 client:  [0 1]
Round   8, Average loss 0.055
Round   8, Average global accuracy 82.00
Round   8, Average local accuracy 82.26
17 client:  [4 5]
76 client:  [2 3]
34 client:  [8 9]
6 client:  [2 3]
15 client:  [0 1]
67 client:  [4 5]
89 client:  [8 9]
42 client:  [4 5]
28 client:  [6 7]
29 client:  [8 9]
88 client:  [6 7]
77 client:  [4 5]
24 client:  [8 9]
84 client:  [8 9]
31 client:  [2 3]
94 client:  [8 9]
49 client:  [8 9]
96 client:  [2 3]
27 client:  [4 5]
47 client:  [4 5]
40 client:  [0 1]
38 client:  [6 7]
14 client:  [8 9]
68 client:  [6 7]
26 client:  [2 3]
16 client:  [2 3]
79 client:  [8 9]
62 client:  [4 5]
98 client:  [6 7]
90 client:  [0 1]
33 client:  [6 7]
66 client:  [2 3]
41 client:  [2 3]
1 client:  [2 3]
45 client:  [0 1]
22 client:  [4 5]
60 client:  [0 1]
9 client:  [8 9]
59 client:  [8 9]
57 client:  [4 5]
78 client:  [6 7]
12 client:  [4 5]
75 client:  [0 1]
10 client:  [0 1]
36 client:  [2 3]
37 client:  [4 5]
13 client:  [6 7]
93 client:  [6 7]
0 client:  [0 1]
46 client:  [2 3]
11 client:  [2 3]
48 client:  [6 7]
80 client:  [0 1]
91 client:  [2 3]
19 client:  [8 9]
18 client:  [6 7]
71 client:  [2 3]
53 client:  [6 7]
64 client:  [8 9]
70 client:  [0 1]
4 client:  [8 9]
43 client:  [6 7]
44 client:  [8 9]
86 client:  [2 3]
97 client:  [4 5]
7 client:  [4 5]
72 client:  [4 5]
56 client:  [2 3]
82 client:  [4 5]
50 client:  [0 1]
73 client:  [6 7]
85 client:  [0 1]
65 client:  [0 1]
99 client:  [8 9]
81 client:  [2 3]
35 client:  [0 1]
39 client:  [8 9]
30 client:  [0 1]
2 client:  [4 5]
8 client:  [6 7]
54 client:  [8 9]
23 client:  [6 7]
83 client:  [6 7]
61 client:  [2 3]
74 client:  [8 9]
3 client:  [6 7]
87 client:  [4 5]
92 client:  [4 5]
20 client:  [0 1]
21 client:  [2 3]
Round   9, Average loss 0.055
Round   9, Average global accuracy 83.00
Round   9, Average local accuracy 83.33
19 client:  [8 9]
48 client:  [6 7]
45 client:  [0 1]
2 client:  [4 5]
8 client:  [6 7]
0 client:  [0 1]
90 client:  [0 1]
56 client:  [2 3]
92 client:  [4 5]
27 client:  [4 5]
49 client:  [8 9]
86 client:  [2 3]
67 client:  [4 5]
74 client:  [8 9]
15 client:  [0 1]
68 client:  [6 7]
40 client:  [0 1]
64 client:  [8 9]
20 client:  [0 1]
81 client:  [2 3]
10 client:  [0 1]
78 client:  [6 7]
85 client:  [0 1]
75 client:  [0 1]
18 client:  [6 7]
44 client:  [8 9]
55 client:  [0 1]
11 client:  [2 3]
60 client:  [0 1]
96 client:  [2 3]
33 client:  [6 7]
42 client:  [4 5]
7 client:  [4 5]
72 client:  [4 5]
89 client:  [8 9]
23 client:  [6 7]
53 client:  [6 7]
30 client:  [0 1]
12 client:  [4 5]
57 client:  [4 5]
47 client:  [4 5]
43 client:  [6 7]
93 client:  [6 7]
9 client:  [8 9]
1 client:  [2 3]
21 client:  [2 3]
88 client:  [6 7]
73 client:  [6 7]
54 client:  [8 9]
94 client:  [8 9]
58 client:  [6 7]
79 client:  [8 9]
98 client:  [6 7]
35 client:  [0 1]
26 client:  [2 3]
70 client:  [0 1]
97 client:  [4 5]
91 client:  [2 3]
32 client:  [4 5]
28 client:  [6 7]
46 client:  [2 3]
76 client:  [2 3]
51 client:  [2 3]
63 client:  [6 7]
87 client:  [4 5]
69 client:  [8 9]
6 client:  [2 3]
66 client:  [2 3]
5 client:  [0 1]
95 client:  [0 1]
83 client:  [6 7]
80 client:  [0 1]
52 client:  [4 5]
65 client:  [0 1]
16 client:  [2 3]
24 client:  [8 9]
14 client:  [8 9]
62 client:  [4 5]
22 client:  [4 5]
37 client:  [4 5]
50 client:  [0 1]
31 client:  [2 3]
99 client:  [8 9]
38 client:  [6 7]
71 client:  [2 3]
39 client:  [8 9]
17 client:  [4 5]
41 client:  [2 3]
3 client:  [6 7]
61 client:  [2 3]
Round  10, Average loss 0.051
Round  10, Average global accuracy 83.00
Round  10, Average local accuracy 82.89
9 client:  [8 9]
74 client:  [8 9]
97 client:  [4 5]
68 client:  [6 7]
58 client:  [6 7]
3 client:  [6 7]
61 client:  [2 3]
72 client:  [4 5]
11 client:  [2 3]
69 client:  [8 9]
57 client:  [4 5]
44 client:  [8 9]
49 client:  [8 9]
66 client:  [2 3]
2 client:  [4 5]
13 client:  [6 7]
73 client:  [6 7]
29 client:  [8 9]
15 client:  [0 1]
70 client:  [0 1]
31 client:  [2 3]
48 client:  [6 7]
18 client:  [6 7]
84 client:  [8 9]
12 client:  [4 5]
89 client:  [8 9]
96 client:  [2 3]
80 client:  [0 1]
7 client:  [4 5]
41 client:  [2 3]
93 client:  [6 7]
38 client:  [6 7]
64 client:  [8 9]
63 client:  [6 7]
19 client:  [8 9]
94 client:  [8 9]
82 client:  [4 5]
95 client:  [0 1]
27 client:  [4 5]
59 client:  [8 9]
21 client:  [2 3]
90 client:  [0 1]
32 client:  [4 5]
47 client:  [4 5]
5 client:  [0 1]
55 client:  [0 1]
60 client:  [0 1]
23 client:  [6 7]
43 client:  [6 7]
42 client:  [4 5]
16 client:  [2 3]
75 client:  [0 1]
33 client:  [6 7]
26 client:  [2 3]
17 client:  [4 5]
6 client:  [2 3]
1 client:  [2 3]
37 client:  [4 5]
86 client:  [2 3]
65 client:  [0 1]
24 client:  [8 9]
98 client:  [6 7]
76 client:  [2 3]
34 client:  [8 9]
87 client:  [4 5]
25 client:  [0 1]
78 client:  [6 7]
51 client:  [2 3]
92 client:  [4 5]
52 client:  [4 5]
46 client:  [2 3]
81 client:  [2 3]
14 client:  [8 9]
88 client:  [6 7]
54 client:  [8 9]
79 client:  [8 9]
62 client:  [4 5]
83 client:  [6 7]
56 client:  [2 3]
53 client:  [6 7]
35 client:  [0 1]
20 client:  [0 1]
45 client:  [0 1]
0 client:  [0 1]
22 client:  [4 5]
10 client:  [0 1]
85 client:  [0 1]
40 client:  [0 1]
39 client:  [8 9]
77 client:  [4 5]
Round  11, Average loss 0.052
Round  11, Average global accuracy 83.00
Round  11, Average local accuracy 83.76
24 client:  [8 9]
60 client:  [0 1]
30 client:  [0 1]
68 client:  [6 7]
14 client:  [8 9]
42 client:  [4 5]
44 client:  [8 9]
74 client:  [8 9]
5 client:  [0 1]
43 client:  [6 7]
25 client:  [0 1]
62 client:  [4 5]
96 client:  [2 3]
38 client:  [6 7]
3 client:  [6 7]
75 client:  [0 1]
79 client:  [8 9]
57 client:  [4 5]
65 client:  [0 1]
12 client:  [4 5]
48 client:  [6 7]
78 client:  [6 7]
39 client:  [8 9]
93 client:  [6 7]
27 client:  [4 5]
59 client:  [8 9]
85 client:  [0 1]
89 client:  [8 9]
70 client:  [0 1]
69 client:  [8 9]
26 client:  [2 3]
83 client:  [6 7]
40 client:  [0 1]
97 client:  [4 5]
16 client:  [2 3]
23 client:  [6 7]
21 client:  [2 3]
76 client:  [2 3]
77 client:  [4 5]
8 client:  [6 7]
29 client:  [8 9]
37 client:  [4 5]
95 client:  [0 1]
52 client:  [4 5]
51 client:  [2 3]
11 client:  [2 3]
63 client:  [6 7]
99 client:  [8 9]
55 client:  [0 1]
41 client:  [2 3]
10 client:  [0 1]
19 client:  [8 9]
4 client:  [8 9]
46 client:  [2 3]
0 client:  [0 1]
1 client:  [2 3]
17 client:  [4 5]
28 client:  [6 7]
35 client:  [0 1]
61 client:  [2 3]
72 client:  [4 5]
18 client:  [6 7]
20 client:  [0 1]
22 client:  [4 5]
32 client:  [4 5]
80 client:  [0 1]
88 client:  [6 7]
47 client:  [4 5]
92 client:  [4 5]
13 client:  [6 7]
81 client:  [2 3]
36 client:  [2 3]
67 client:  [4 5]
15 client:  [0 1]
45 client:  [0 1]
90 client:  [0 1]
34 client:  [8 9]
94 client:  [8 9]
87 client:  [4 5]
50 client:  [0 1]
84 client:  [8 9]
53 client:  [6 7]
71 client:  [2 3]
58 client:  [6 7]
66 client:  [2 3]
56 client:  [2 3]
64 client:  [8 9]
7 client:  [4 5]
6 client:  [2 3]
49 client:  [8 9]
Round  12, Average loss 0.052
Round  12, Average global accuracy 84.00
Round  12, Average local accuracy 84.31
12 client:  [4 5]
3 client:  [6 7]
15 client:  [0 1]
40 client:  [0 1]
91 client:  [2 3]
37 client:  [4 5]
92 client:  [4 5]
66 client:  [2 3]
6 client:  [2 3]
51 client:  [2 3]
22 client:  [4 5]
31 client:  [2 3]
73 client:  [6 7]
7 client:  [4 5]
13 client:  [6 7]
96 client:  [2 3]
14 client:  [8 9]
49 client:  [8 9]
93 client:  [6 7]
69 client:  [8 9]
98 client:  [6 7]
43 client:  [6 7]
90 client:  [0 1]
27 client:  [4 5]
94 client:  [8 9]
62 client:  [4 5]
89 client:  [8 9]
48 client:  [6 7]
29 client:  [8 9]
87 client:  [4 5]
55 client:  [0 1]
17 client:  [4 5]
2 client:  [4 5]
47 client:  [4 5]
97 client:  [4 5]
0 client:  [0 1]
79 client:  [8 9]
78 client:  [6 7]
41 client:  [2 3]
77 client:  [4 5]
71 client:  [2 3]
8 client:  [6 7]
59 client:  [8 9]
74 client:  [8 9]
83 client:  [6 7]
82 client:  [4 5]
42 client:  [4 5]
80 client:  [0 1]
18 client:  [6 7]
19 client:  [8 9]
57 client:  [4 5]
65 client:  [0 1]
32 client:  [4 5]
4 client:  [8 9]
21 client:  [2 3]
60 client:  [0 1]
23 client:  [6 7]
46 client:  [2 3]
54 client:  [8 9]
33 client:  [6 7]
76 client:  [2 3]
34 client:  [8 9]
67 client:  [4 5]
38 client:  [6 7]
58 client:  [6 7]
72 client:  [4 5]
68 client:  [6 7]
88 client:  [6 7]
10 client:  [0 1]
20 client:  [0 1]
28 client:  [6 7]
81 client:  [2 3]
35 client:  [0 1]
95 client:  [0 1]
50 client:  [0 1]
64 client:  [8 9]
53 client:  [6 7]
1 client:  [2 3]
63 client:  [6 7]
45 client:  [0 1]
61 client:  [2 3]
25 client:  [0 1]
99 client:  [8 9]
44 client:  [8 9]
9 client:  [8 9]
70 client:  [0 1]
52 client:  [4 5]
11 client:  [2 3]
39 client:  [8 9]
5 client:  [0 1]
Round  13, Average loss 0.050
Round  13, Average global accuracy 84.00
Round  13, Average local accuracy 84.05
79 client:  [8 9]
37 client:  [4 5]
5 client:  [0 1]
95 client:  [0 1]
51 client:  [2 3]
72 client:  [4 5]
10 client:  [0 1]
11 client:  [2 3]
67 client:  [4 5]
20 client:  [0 1]
7 client:  [4 5]
60 client:  [0 1]
88 client:  [6 7]
81 client:  [2 3]
63 client:  [6 7]
18 client:  [6 7]
26 client:  [2 3]
80 client:  [0 1]
27 client:  [4 5]
91 client:  [2 3]
57 client:  [4 5]
65 client:  [0 1]
73 client:  [6 7]
40 client:  [0 1]
68 client:  [6 7]
74 client:  [8 9]
0 client:  [0 1]
4 client:  [8 9]
19 client:  [8 9]
82 client:  [4 5]
64 client:  [8 9]
66 client:  [2 3]
93 client:  [6 7]
50 client:  [0 1]
35 client:  [0 1]
56 client:  [2 3]
45 client:  [0 1]
61 client:  [2 3]
94 client:  [8 9]
52 client:  [4 5]
49 client:  [8 9]
53 client:  [6 7]
29 client:  [8 9]
33 client:  [6 7]
75 client:  [0 1]
34 client:  [8 9]
1 client:  [2 3]
62 client:  [4 5]
41 client:  [2 3]
69 client:  [8 9]
92 client:  [4 5]
32 client:  [4 5]
76 client:  [2 3]
12 client:  [4 5]
24 client:  [8 9]
21 client:  [2 3]
28 client:  [6 7]
3 client:  [6 7]
48 client:  [6 7]
55 client:  [0 1]
99 client:  [8 9]
77 client:  [4 5]
43 client:  [6 7]
89 client:  [8 9]
54 client:  [8 9]
39 client:  [8 9]
42 client:  [4 5]
36 client:  [2 3]
2 client:  [4 5]
44 client:  [8 9]
59 client:  [8 9]
23 client:  [6 7]
30 client:  [0 1]
87 client:  [4 5]
90 client:  [0 1]
83 client:  [6 7]
17 client:  [4 5]
38 client:  [6 7]
98 client:  [6 7]
71 client:  [2 3]
47 client:  [4 5]
8 client:  [6 7]
86 client:  [2 3]
78 client:  [6 7]
13 client:  [6 7]
6 client:  [2 3]
85 client:  [0 1]
84 client:  [8 9]
96 client:  [2 3]
22 client:  [4 5]
Round  14, Average loss 0.051
Round  14, Average global accuracy 84.00
Round  14, Average local accuracy 84.56
30 client:  [0 1]
26 client:  [2 3]
64 client:  [8 9]
6 client:  [2 3]
50 client:  [0 1]
90 client:  [0 1]
21 client:  [2 3]
32 client:  [4 5]
9 client:  [8 9]
92 client:  [4 5]
44 client:  [8 9]
29 client:  [8 9]
91 client:  [2 3]
15 client:  [0 1]
94 client:  [8 9]
20 client:  [0 1]
35 client:  [0 1]
0 client:  [0 1]
84 client:  [8 9]
43 client:  [6 7]
22 client:  [4 5]
1 client:  [2 3]
83 client:  [6 7]
42 client:  [4 5]
54 client:  [8 9]
72 client:  [4 5]
18 client:  [6 7]
66 client:  [2 3]
47 client:  [4 5]
63 client:  [6 7]
68 client:  [6 7]
88 client:  [6 7]
38 client:  [6 7]
57 client:  [4 5]
65 client:  [0 1]
80 client:  [0 1]
17 client:  [4 5]
25 client:  [0 1]
98 client:  [6 7]
7 client:  [4 5]
37 client:  [4 5]
75 client:  [0 1]
23 client:  [6 7]
52 client:  [4 5]
69 client:  [8 9]
78 client:  [6 7]
77 client:  [4 5]
39 client:  [8 9]
14 client:  [8 9]
59 client:  [8 9]
41 client:  [2 3]
11 client:  [2 3]
86 client:  [2 3]
93 client:  [6 7]
89 client:  [8 9]
74 client:  [8 9]
28 client:  [6 7]
27 client:  [4 5]
67 client:  [4 5]
55 client:  [0 1]
82 client:  [4 5]
96 client:  [2 3]
33 client:  [6 7]
36 client:  [2 3]
13 client:  [6 7]
12 client:  [4 5]
31 client:  [2 3]
81 client:  [2 3]
16 client:  [2 3]
95 client:  [0 1]
49 client:  [8 9]
34 client:  [8 9]
60 client:  [0 1]
97 client:  [4 5]
8 client:  [6 7]
48 client:  [6 7]
46 client:  [2 3]
85 client:  [0 1]
79 client:  [8 9]
4 client:  [8 9]
5 client:  [0 1]
2 client:  [4 5]
40 client:  [0 1]
56 client:  [2 3]
73 client:  [6 7]
53 client:  [6 7]
99 client:  [8 9]
19 client:  [8 9]
71 client:  [2 3]
58 client:  [6 7]
Round  15, Average loss 0.051
Round  15, Average global accuracy 85.00
Round  15, Average local accuracy 85.16
60 client:  [0 1]
68 client:  [6 7]
72 client:  [4 5]
47 client:  [4 5]
15 client:  [0 1]
18 client:  [6 7]
58 client:  [6 7]
54 client:  [8 9]
95 client:  [0 1]
42 client:  [4 5]
73 client:  [6 7]
4 client:  [8 9]
98 client:  [6 7]
7 client:  [4 5]
51 client:  [2 3]
20 client:  [0 1]
39 client:  [8 9]
89 client:  [8 9]
24 client:  [8 9]
23 client:  [6 7]
92 client:  [4 5]
79 client:  [8 9]
87 client:  [4 5]
66 client:  [2 3]
83 client:  [6 7]
37 client:  [4 5]
40 client:  [0 1]
80 client:  [0 1]
8 client:  [6 7]
88 client:  [6 7]
2 client:  [4 5]
61 client:  [2 3]
3 client:  [6 7]
99 client:  [8 9]
48 client:  [6 7]
33 client:  [6 7]
56 client:  [2 3]
96 client:  [2 3]
43 client:  [6 7]
93 client:  [6 7]
14 client:  [8 9]
5 client:  [0 1]
32 client:  [4 5]
10 client:  [0 1]
50 client:  [0 1]
6 client:  [2 3]
74 client:  [8 9]
75 client:  [0 1]
35 client:  [0 1]
82 client:  [4 5]
28 client:  [6 7]
46 client:  [2 3]
13 client:  [6 7]
49 client:  [8 9]
17 client:  [4 5]
55 client:  [0 1]
25 client:  [0 1]
71 client:  [2 3]
0 client:  [0 1]
53 client:  [6 7]
94 client:  [8 9]
64 client:  [8 9]
67 client:  [4 5]
84 client:  [8 9]
78 client:  [6 7]
85 client:  [0 1]
19 client:  [8 9]
21 client:  [2 3]
36 client:  [2 3]
86 client:  [2 3]
27 client:  [4 5]
62 client:  [4 5]
70 client:  [0 1]
91 client:  [2 3]
69 client:  [8 9]
34 client:  [8 9]
63 client:  [6 7]
59 client:  [8 9]
16 client:  [2 3]
26 client:  [2 3]
45 client:  [0 1]
12 client:  [4 5]
65 client:  [0 1]
90 client:  [0 1]
11 client:  [2 3]
76 client:  [2 3]
77 client:  [4 5]
1 client:  [2 3]
81 client:  [2 3]
97 client:  [4 5]
Round  16, Average loss 0.050
Round  16, Average global accuracy 85.00
Round  16, Average local accuracy 85.27
27 client:  [4 5]
69 client:  [8 9]
97 client:  [4 5]
4 client:  [8 9]
41 client:  [2 3]
57 client:  [4 5]
40 client:  [0 1]
6 client:  [2 3]
5 client:  [0 1]
38 client:  [6 7]
3 client:  [6 7]
25 client:  [0 1]
42 client:  [4 5]
88 client:  [6 7]
28 client:  [6 7]
51 client:  [2 3]
44 client:  [8 9]
95 client:  [0 1]
9 client:  [8 9]
0 client:  [0 1]
74 client:  [8 9]
22 client:  [4 5]
96 client:  [2 3]
15 client:  [0 1]
66 client:  [2 3]
13 client:  [6 7]
36 client:  [2 3]
91 client:  [2 3]
46 client:  [2 3]
76 client:  [2 3]
50 client:  [0 1]
18 client:  [6 7]
55 client:  [0 1]
39 client:  [8 9]
67 client:  [4 5]
32 client:  [4 5]
65 client:  [0 1]
48 client:  [6 7]
31 client:  [2 3]
58 client:  [6 7]
30 client:  [0 1]
62 client:  [4 5]
29 client:  [8 9]
90 client:  [0 1]
20 client:  [0 1]
77 client:  [4 5]
64 client:  [8 9]
12 client:  [4 5]
10 client:  [0 1]
81 client:  [2 3]
86 client:  [2 3]
1 client:  [2 3]
54 client:  [8 9]
72 client:  [4 5]
53 client:  [6 7]
21 client:  [2 3]
56 client:  [2 3]
47 client:  [4 5]
99 client:  [8 9]
8 client:  [6 7]
35 client:  [0 1]
68 client:  [6 7]
73 client:  [6 7]
61 client:  [2 3]
83 client:  [6 7]
93 client:  [6 7]
89 client:  [8 9]
80 client:  [0 1]
19 client:  [8 9]
75 client:  [0 1]
85 client:  [0 1]
92 client:  [4 5]
82 client:  [4 5]
43 client:  [6 7]
94 client:  [8 9]
2 client:  [4 5]
70 client:  [0 1]
49 client:  [8 9]
84 client:  [8 9]
87 client:  [4 5]
78 client:  [6 7]
7 client:  [4 5]
52 client:  [4 5]
16 client:  [2 3]
45 client:  [0 1]
59 client:  [8 9]
71 client:  [2 3]
26 client:  [2 3]
79 client:  [8 9]
98 client:  [6 7]
Round  17, Average loss 0.051
Round  17, Average global accuracy 85.00
Round  17, Average local accuracy 85.33
10 client:  [0 1]
0 client:  [0 1]
84 client:  [8 9]
67 client:  [4 5]
42 client:  [4 5]
62 client:  [4 5]
70 client:  [0 1]
93 client:  [6 7]
56 client:  [2 3]
41 client:  [2 3]
46 client:  [2 3]
53 client:  [6 7]
47 client:  [4 5]
15 client:  [0 1]
38 client:  [6 7]
22 client:  [4 5]
33 client:  [6 7]
1 client:  [2 3]
26 client:  [2 3]
91 client:  [2 3]
96 client:  [2 3]
16 client:  [2 3]
83 client:  [6 7]
94 client:  [8 9]
37 client:  [4 5]
81 client:  [2 3]
78 client:  [6 7]
4 client:  [8 9]
19 client:  [8 9]
23 client:  [6 7]
39 client:  [8 9]
79 client:  [8 9]
30 client:  [0 1]
20 client:  [0 1]
29 client:  [8 9]
68 client:  [6 7]
80 client:  [0 1]
32 client:  [4 5]
99 client:  [8 9]
58 client:  [6 7]
34 client:  [8 9]
9 client:  [8 9]
27 client:  [4 5]
73 client:  [6 7]
89 client:  [8 9]
55 client:  [0 1]
36 client:  [2 3]
86 client:  [2 3]
64 client:  [8 9]
51 client:  [2 3]
77 client:  [4 5]
17 client:  [4 5]
98 client:  [6 7]
50 client:  [0 1]
88 client:  [6 7]
76 client:  [2 3]
52 client:  [4 5]
63 client:  [6 7]
28 client:  [6 7]
85 client:  [0 1]
65 client:  [0 1]
35 client:  [0 1]
45 client:  [0 1]
54 client:  [8 9]
18 client:  [6 7]
44 client:  [8 9]
24 client:  [8 9]
12 client:  [4 5]
69 client:  [8 9]
11 client:  [2 3]
13 client:  [6 7]
59 client:  [8 9]
87 client:  [4 5]
2 client:  [4 5]
25 client:  [0 1]
21 client:  [2 3]
57 client:  [4 5]
90 client:  [0 1]
3 client:  [6 7]
95 client:  [0 1]
6 client:  [2 3]
82 client:  [4 5]
61 client:  [2 3]
49 client:  [8 9]
71 client:  [2 3]
7 client:  [4 5]
75 client:  [0 1]
40 client:  [0 1]
31 client:  [2 3]
72 client:  [4 5]
Round  18, Average loss 0.051
Round  18, Average global accuracy 85.00
Round  18, Average local accuracy 85.56
24 client:  [8 9]
84 client:  [8 9]
6 client:  [2 3]
54 client:  [8 9]
57 client:  [4 5]
26 client:  [2 3]
99 client:  [8 9]
81 client:  [2 3]
32 client:  [4 5]
12 client:  [4 5]
72 client:  [4 5]
49 client:  [8 9]
33 client:  [6 7]
21 client:  [2 3]
3 client:  [6 7]
56 client:  [2 3]
82 client:  [4 5]
74 client:  [8 9]
18 client:  [6 7]
88 client:  [6 7]
38 client:  [6 7]
23 client:  [6 7]
97 client:  [4 5]
31 client:  [2 3]
71 client:  [2 3]
62 client:  [4 5]
67 client:  [4 5]
66 client:  [2 3]
95 client:  [0 1]
78 client:  [6 7]
51 client:  [2 3]
75 client:  [0 1]
8 client:  [6 7]
79 client:  [8 9]
60 client:  [0 1]
45 client:  [0 1]
5 client:  [0 1]
96 client:  [2 3]
85 client:  [0 1]
91 client:  [2 3]
47 client:  [4 5]
90 client:  [0 1]
92 client:  [4 5]
48 client:  [6 7]
76 client:  [2 3]
50 client:  [0 1]
52 client:  [4 5]
70 client:  [0 1]
42 client:  [4 5]
94 client:  [8 9]
19 client:  [8 9]
73 client:  [6 7]
0 client:  [0 1]
83 client:  [6 7]
29 client:  [8 9]
11 client:  [2 3]
58 client:  [6 7]
28 client:  [6 7]
63 client:  [6 7]
15 client:  [0 1]
80 client:  [0 1]
53 client:  [6 7]
2 client:  [4 5]
9 client:  [8 9]
10 client:  [0 1]
30 client:  [0 1]
46 client:  [2 3]
22 client:  [4 5]
44 client:  [8 9]
35 client:  [0 1]
55 client:  [0 1]
98 client:  [6 7]
64 client:  [8 9]
4 client:  [8 9]
34 client:  [8 9]
65 client:  [0 1]
27 client:  [4 5]
16 client:  [2 3]
69 client:  [8 9]
87 client:  [4 5]
89 client:  [8 9]
59 client:  [8 9]
61 client:  [2 3]
40 client:  [0 1]
37 client:  [4 5]
68 client:  [6 7]
36 client:  [2 3]
1 client:  [2 3]
77 client:  [4 5]
13 client:  [6 7]
Round  19, Average loss 0.051
Round  19, Average global accuracy 85.00
Round  19, Average local accuracy 85.76
39 client:  [8 9]
19 client:  [8 9]
38 client:  [6 7]
21 client:  [2 3]
96 client:  [2 3]
26 client:  [2 3]
31 client:  [2 3]
87 client:  [4 5]
72 client:  [4 5]
53 client:  [6 7]
62 client:  [4 5]
15 client:  [0 1]
76 client:  [2 3]
43 client:  [6 7]
35 client:  [0 1]
9 client:  [8 9]
41 client:  [2 3]
63 client:  [6 7]
2 client:  [4 5]
98 client:  [6 7]
78 client:  [6 7]
88 client:  [6 7]
36 client:  [2 3]
50 client:  [0 1]
94 client:  [8 9]
58 client:  [6 7]
77 client:  [4 5]
11 client:  [2 3]
34 client:  [8 9]
14 client:  [8 9]
20 client:  [0 1]
56 client:  [2 3]
6 client:  [2 3]
23 client:  [6 7]
70 client:  [0 1]
48 client:  [6 7]
81 client:  [2 3]
97 client:  [4 5]
95 client:  [0 1]
17 client:  [4 5]
75 client:  [0 1]
60 client:  [0 1]
69 client:  [8 9]
80 client:  [0 1]
55 client:  [0 1]
99 client:  [8 9]
91 client:  [2 3]
3 client:  [6 7]
10 client:  [0 1]
57 client:  [4 5]
68 client:  [6 7]
82 client:  [4 5]
66 client:  [2 3]
59 client:  [8 9]
12 client:  [4 5]
65 client:  [0 1]
24 client:  [8 9]
40 client:  [0 1]
74 client:  [8 9]
8 client:  [6 7]
5 client:  [0 1]
93 client:  [6 7]
1 client:  [2 3]
27 client:  [4 5]
61 client:  [2 3]
47 client:  [4 5]
52 client:  [4 5]
13 client:  [6 7]
30 client:  [0 1]
18 client:  [6 7]
90 client:  [0 1]
32 client:  [4 5]
67 client:  [4 5]
45 client:  [0 1]
71 client:  [2 3]
86 client:  [2 3]
89 client:  [8 9]
25 client:  [0 1]
16 client:  [2 3]
29 client:  [8 9]
73 client:  [6 7]
42 client:  [4 5]
54 client:  [8 9]
64 client:  [8 9]
33 client:  [6 7]
46 client:  [2 3]
85 client:  [0 1]
4 client:  [8 9]
28 client:  [6 7]
92 client:  [4 5]
Round  20, Average loss 0.049
Round  20, Average global accuracy 85.00
Round  20, Average local accuracy 85.71
13 client:  [6 7]
5 client:  [0 1]
84 client:  [8 9]
88 client:  [6 7]
40 client:  [0 1]
39 client:  [8 9]
32 client:  [4 5]
31 client:  [2 3]
95 client:  [0 1]
71 client:  [2 3]
2 client:  [4 5]
58 client:  [6 7]
70 client:  [0 1]
52 client:  [4 5]
37 client:  [4 5]
98 client:  [6 7]
72 client:  [4 5]
59 client:  [8 9]
82 client:  [4 5]
97 client:  [4 5]
16 client:  [2 3]
63 client:  [6 7]
64 client:  [8 9]
68 client:  [6 7]
53 client:  [6 7]
23 client:  [6 7]
90 client:  [0 1]
76 client:  [2 3]
44 client:  [8 9]
54 client:  [8 9]
8 client:  [6 7]
66 client:  [2 3]
65 client:  [0 1]
94 client:  [8 9]
21 client:  [2 3]
87 client:  [4 5]
0 client:  [0 1]
57 client:  [4 5]
55 client:  [0 1]
19 client:  [8 9]
61 client:  [2 3]
89 client:  [8 9]
62 client:  [4 5]
77 client:  [4 5]
49 client:  [8 9]
56 client:  [2 3]
38 client:  [6 7]
9 client:  [8 9]
93 client:  [6 7]
30 client:  [0 1]
6 client:  [2 3]
10 client:  [0 1]
60 client:  [0 1]
80 client:  [0 1]
25 client:  [0 1]
3 client:  [6 7]
73 client:  [6 7]
48 client:  [6 7]
1 client:  [2 3]
17 client:  [4 5]
29 client:  [8 9]
83 client:  [6 7]
41 client:  [2 3]
15 client:  [0 1]
7 client:  [4 5]
34 client:  [8 9]
27 client:  [4 5]
28 client:  [6 7]
26 client:  [2 3]
51 client:  [2 3]
75 client:  [0 1]
33 client:  [6 7]
18 client:  [6 7]
12 client:  [4 5]
85 client:  [0 1]
67 client:  [4 5]
81 client:  [2 3]
50 client:  [0 1]
74 client:  [8 9]
35 client:  [0 1]
99 client:  [8 9]
92 client:  [4 5]
46 client:  [2 3]
79 client:  [8 9]
22 client:  [4 5]
20 client:  [0 1]
91 client:  [2 3]
45 client:  [0 1]
69 client:  [8 9]
86 client:  [2 3]
Round  21, Average loss 0.048
Round  21, Average global accuracy 86.00
Round  21, Average local accuracy 85.93
89 client:  [8 9]
62 client:  [4 5]
71 client:  [2 3]
96 client:  [2 3]
0 client:  [0 1]
78 client:  [6 7]
13 client:  [6 7]
27 client:  [4 5]
57 client:  [4 5]
73 client:  [6 7]
83 client:  [6 7]
79 client:  [8 9]
42 client:  [4 5]
49 client:  [8 9]
30 client:  [0 1]
92 client:  [4 5]
53 client:  [6 7]
95 client:  [0 1]
28 client:  [6 7]
60 client:  [0 1]
88 client:  [6 7]
15 client:  [0 1]
64 client:  [8 9]
94 client:  [8 9]
54 client:  [8 9]
51 client:  [2 3]
55 client:  [0 1]
25 client:  [0 1]
11 client:  [2 3]
68 client:  [6 7]
44 client:  [8 9]
19 client:  [8 9]
29 client:  [8 9]
84 client:  [8 9]
33 client:  [6 7]
98 client:  [6 7]
16 client:  [2 3]
39 client:  [8 9]
22 client:  [4 5]
52 client:  [4 5]
87 client:  [4 5]
97 client:  [4 5]
50 client:  [0 1]
81 client:  [2 3]
46 client:  [2 3]
37 client:  [4 5]
61 client:  [2 3]
99 client:  [8 9]
69 client:  [8 9]
26 client:  [2 3]
43 client:  [6 7]
4 client:  [8 9]
82 client:  [4 5]
48 client:  [6 7]
12 client:  [4 5]
3 client:  [6 7]
86 client:  [2 3]
74 client:  [8 9]
5 client:  [0 1]
58 client:  [6 7]
32 client:  [4 5]
7 client:  [4 5]
8 client:  [6 7]
2 client:  [4 5]
65 client:  [0 1]
35 client:  [0 1]
75 client:  [0 1]
90 client:  [0 1]
85 client:  [0 1]
67 client:  [4 5]
18 client:  [6 7]
45 client:  [0 1]
59 client:  [8 9]
23 client:  [6 7]
40 client:  [0 1]
38 client:  [6 7]
41 client:  [2 3]
66 client:  [2 3]
17 client:  [4 5]
6 client:  [2 3]
93 client:  [6 7]
63 client:  [6 7]
1 client:  [2 3]
24 client:  [8 9]
56 client:  [2 3]
76 client:  [2 3]
77 client:  [4 5]
72 client:  [4 5]
9 client:  [8 9]
10 client:  [0 1]
Round  22, Average loss 0.049
Round  22, Average global accuracy 86.00
Round  22, Average local accuracy 85.96
52 client:  [4 5]
33 client:  [6 7]
28 client:  [6 7]
10 client:  [0 1]
82 client:  [4 5]
68 client:  [6 7]
4 client:  [8 9]
18 client:  [6 7]
27 client:  [4 5]
38 client:  [6 7]
62 client:  [4 5]
91 client:  [2 3]
47 client:  [4 5]
16 client:  [2 3]
80 client:  [0 1]
77 client:  [4 5]
3 client:  [6 7]
76 client:  [2 3]
7 client:  [4 5]
88 client:  [6 7]
12 client:  [4 5]
55 client:  [0 1]
49 client:  [8 9]
70 client:  [0 1]
96 client:  [2 3]
39 client:  [8 9]
57 client:  [4 5]
95 client:  [0 1]
